This is pdfTeX, Version 3.1415926-2.3-1.40.12 (MiKTeX 2.9 64-bit) (preloaded format=pdflatex 2013.1.20)  7 DEC 2013 13:00
entering extended mode
**ObjectTracking.tex

(F:\AngryBirds\AngryBirdsServer\AngryBirdsClient\ObjectTracking\ObjectTracking.
tex
LaTeX2e <2011/06/27>
Babel <v3.8m> and hyphenation patterns for english, afrikaans, ancientgreek, ar
abic, armenian, assamese, basque, bengali, bokmal, bulgarian, catalan, coptic, 
croatian, czech, danish, dutch, esperanto, estonian, farsi, finnish, french, ga
lician, german, german-x-2009-06-19, greek, gujarati, hindi, hungarian, iceland
ic, indonesian, interlingua, irish, italian, kannada, kurmanji, lao, latin, lat
vian, lithuanian, malayalam, marathi, mongolian, mongolianlmc, monogreek, ngerm
an, ngerman-x-2009-06-19, nynorsk, oriya, panjabi, pinyin, polish, portuguese, 
romanian, russian, sanskrit, serbian, slovak, slovenian, spanish, swedish, swis
sgerman, tamil, telugu, turkish, turkmen, ukenglish, ukrainian, uppersorbian, u
senglishmax, welsh, loaded.
("C:\Program Files\MiKTeX 2.9\tex\latex\base\article.cls"
Document Class: article 2007/10/19 v1.4h Standard LaTeX document class
("C:\Program Files\MiKTeX 2.9\tex\latex\base\size10.clo"
File: size10.clo 2007/10/19 v1.4h Standard LaTeX file (size option)
)
\c@part=\count79
\c@section=\count80
\c@subsection=\count81
\c@subsubsection=\count82
\c@paragraph=\count83
\c@subparagraph=\count84
\c@figure=\count85
\c@table=\count86
\abovecaptionskip=\skip41
\belowcaptionskip=\skip42
\bibindent=\dimen102
)
(F:\AngryBirds\AngryBirdsServer\AngryBirdsClient\ObjectTracking\aaai.sty
Conference Style for AAAI for LaTeX 2e -- version of 2 February 2013
\titlebox=\skip43
) ("C:\Program Files\MiKTeX 2.9\tex\latex\psnfss\times.sty"
Package: times 2005/04/12 PSNFSS-v9.2a (SPQR) 
)
("C:\Program Files\MiKTeX 2.9\tex\latex\psnfss\helvet.sty"
Package: helvet 2005/04/12 PSNFSS-v9.2a (WaS) 

("C:\Program Files\MiKTeX 2.9\tex\latex\graphics\keyval.sty"
Package: keyval 1999/03/16 v1.13 key=value parser (DPC)
\KV@toks@=\toks14
))
("C:\Program Files\MiKTeX 2.9\tex\latex\algorithms\algorithm.sty"
Package: algorithm 2009/08/24 v0.1 Document Style `algorithm' - floating enviro
nment

("C:\Program Files\MiKTeX 2.9\tex\latex\float\float.sty"
Package: float 2001/11/08 v1.3d Float enhancements (AL)
\c@float@type=\count87
\float@exts=\toks15
\float@box=\box26
\@float@everytoks=\toks16
\@floatcapt=\box27
)
("C:\Program Files\MiKTeX 2.9\tex\latex\base\ifthen.sty"
Package: ifthen 2001/05/26 v1.1c Standard LaTeX ifthen package (DPC)
)
\@float@every@algorithm=\toks17
\c@algorithm=\count88
)
("C:\Program Files\MiKTeX 2.9\tex\latex\algorithmicx\algpseudocode.sty"
Package: algpseudocode 

("C:\Program Files\MiKTeX 2.9\tex\latex\algorithmicx\algorithmicx.sty"
Package: algorithmicx 2005/04/27 v1.2 Algorithmicx

Document Style algorithmicx 1.2 - a greatly improved `algorithmic' style
\c@ALG@line=\count89
\c@ALG@rem=\count90
\c@ALG@nested=\count91
\ALG@tlm=\skip44
\ALG@thistlm=\skip45
\c@ALG@Lnr=\count92
\c@ALG@blocknr=\count93
\c@ALG@storecount=\count94
\c@ALG@tmpcounter=\count95
\ALG@tmplength=\skip46
)
Document Style - pseudocode environments for use with the `algorithmicx' style
) ("C:\Program Files\MiKTeX 2.9\tex\latex\psnfss\courier.sty"
Package: courier 2005/04/12 PSNFSS-v9.2a (WaS) 
)
("C:\Program Files\MiKTeX 2.9\tex\latex\graphics\graphicx.sty"
Package: graphicx 1999/02/16 v1.0f Enhanced LaTeX Graphics (DPC,SPQR)

("C:\Program Files\MiKTeX 2.9\tex\latex\graphics\graphics.sty"
Package: graphics 2009/02/05 v1.0o Standard LaTeX Graphics (DPC,SPQR)

("C:\Program Files\MiKTeX 2.9\tex\latex\graphics\trig.sty"
Package: trig 1999/03/16 v1.09 sin cos tan (DPC)
)
("C:\Program Files\MiKTeX 2.9\tex\latex\00miktex\graphics.cfg"
File: graphics.cfg 2007/01/18 v1.5 graphics configuration of teTeX/TeXLive
)
Package graphics Info: Driver file: pdftex.def on input line 91.

("C:\Program Files\MiKTeX 2.9\tex\latex\pdftex-def\pdftex.def"
File: pdftex.def 2011/05/27 v0.06d Graphics/color for pdfTeX

("C:\Program Files\MiKTeX 2.9\tex\generic\oberdiek\infwarerr.sty"
Package: infwarerr 2010/04/08 v1.3 Providing info/warning/error messages (HO)
)
("C:\Program Files\MiKTeX 2.9\tex\generic\oberdiek\ltxcmds.sty"
Package: ltxcmds 2011/11/09 v1.22 LaTeX kernel commands for general use (HO)
)
\Gread@gobject=\count96
))
\Gin@req@height=\dimen103
\Gin@req@width=\dimen104
)
(F:\AngryBirds\AngryBirdsServer\AngryBirdsClient\ObjectTracking\ObjectTracking.
aux)
LaTeX Font Info:    Checking defaults for OML/cmm/m/it on input line 18.
LaTeX Font Info:    ... okay on input line 18.
LaTeX Font Info:    Checking defaults for T1/cmr/m/n on input line 18.
LaTeX Font Info:    ... okay on input line 18.
LaTeX Font Info:    Checking defaults for OT1/cmr/m/n on input line 18.
LaTeX Font Info:    ... okay on input line 18.
LaTeX Font Info:    Checking defaults for OMS/cmsy/m/n on input line 18.
LaTeX Font Info:    ... okay on input line 18.
LaTeX Font Info:    Checking defaults for OMX/cmex/m/n on input line 18.
LaTeX Font Info:    ... okay on input line 18.
LaTeX Font Info:    Checking defaults for U/cmr/m/n on input line 18.
LaTeX Font Info:    ... okay on input line 18.
LaTeX Font Info:    Try loading font information for OT1+ptm on input line 18.
 ("C:\Program Files\MiKTeX 2.9\tex\latex\psnfss\ot1ptm.fd"
File: ot1ptm.fd 2001/06/04 font definitions for OT1/ptm.
)
("C:\Program Files\MiKTeX 2.9\tex\context\base\supp-pdf.mkii"
[Loading MPS to PDF converter (version 2006.09.02).]
\scratchcounter=\count97
\scratchdimen=\dimen105
\scratchbox=\box28
\nofMPsegments=\count98
\nofMParguments=\count99
\everyMPshowfont=\toks18
\MPscratchCnt=\count100
\MPscratchDim=\dimen106
\MPnumerator=\count101
\makeMPintoPDFobject=\count102
\everyMPtoPDFconversion=\toks19
)
LaTeX Font Info:    Font shape `OT1/ptm/bx/n' in size <10> not available
(Font)              Font shape `OT1/ptm/b/n' tried instead on input line 19.
LaTeX Font Info:    Font shape `OT1/ptm/bx/n' in size <12> not available
(Font)              Font shape `OT1/ptm/b/n' tried instead on input line 31.
 [1


{C:/Users/Gary/AppData/Local/MiKTeX/2.9/pdftex/config/pdftex.map}]
LaTeX Font Info:    External font `cmex10' loaded for size
(Font)              <7> on input line 58.
LaTeX Font Info:    External font `cmex10' loaded for size
(Font)              <5> on input line 58.

Underfull \hbox (badness 1052) in paragraph at lines 58--59
[]\OT1/ptm/m/n/10 We use GSR( ) to model the con-tacts be-tween solid
 []

<./figure/EGSR-relations.png, id=7, 997.7275pt x 352.31625pt>
File: ./figure/EGSR-relations.png Graphic file (type png)

<use ./figure/EGSR-relations.png>
Package pdftex.def Info: ./figure/EGSR-relations.png used on input line 65.
(pdftex.def)             Requested size: 249.43126pt x 88.07884pt.

Overfull \hbox (10.03688pt too wide) in paragraph at lines 65--65
 [][] 
 []

<./figure/quadrants.png, id=8, 565.11125pt x 369.38pt>
File: ./figure/quadrants.png Graphic file (type png)

<use ./figure/quadrants.png>
Package pdftex.def Info: ./figure/quadrants.png used on input line 79.
(pdftex.def)             Requested size: 169.53468pt x 110.81485pt.
 [2 <F:/AngryBirds/AngryBirdsServer/AngryBirdsClient/ObjectTracking/figure/EGSR
-relations.png (PNG copy)> <F:/AngryBirds/AngryBirdsServer/AngryBirdsClient/Obj
ectTracking/figure/quadrants.png (PNG copy)>]

LaTeX Warning: Citation `Ge2013' on page 3 undefined on input line 88.

<./figure/BirdImpact.png, id=18, 705.63625pt x 200.75pt>
File: ./figure/BirdImpact.png Graphic file (type png)

<use ./figure/BirdImpact.png>
Package pdftex.def Info: ./figure/BirdImpact.png used on input line 91.
(pdftex.def)             Requested size: 246.97638pt x 70.26353pt.

Overfull \hbox (7.582pt too wide) in paragraph at lines 91--91
 [][] 
 []

<./figure/QudrantsEstimation.png, id=19, 530.98375pt x 183.68625pt>
File: ./figure/QudrantsEstimation.png Graphic file (type png)

<use ./figure/QudrantsEstimation.png>
Package pdftex.def Info: ./figure/QudrantsEstimation.png used on input line 96.

(pdftex.def)             Requested size: 212.38972pt x 73.47318pt.

Underfull \hbox (badness 1902) in paragraph at lines 119--120
[]\OT1/ptm/m/n/10 In the slope ex-am-ple, a match $\OMS/cmsy/m/n/10 f\OML/cmm/m
/it/10 o[] \OMS/cmsy/m/n/10  \OML/cmm/m/it/10 o[]; o[] \OMS/cmsy/m/n/10 
 []

<./figure/SCOScenario.png, id=20, 284.56313pt x 140.02313pt>
File: ./figure/SCOScenario.png Graphic file (type png)

<use ./figure/SCOScenario.png>
Package pdftex.def Info: ./figure/SCOScenario.png used on input line 122.
(pdftex.def)             Requested size: 199.19283pt x 98.01552pt.

<./figure/SCOScenario_2.png, id=21, 790.955pt x 264.99pt>
File: ./figure/SCOScenario_2.png Graphic file (type png)

<use ./figure/SCOScenario_2.png>
Package pdftex.def Info: ./figure/SCOScenario_2.png used on input line 127.
(pdftex.def)             Requested size: 237.28833pt x 79.4976pt.


LaTeX Warning: `!h' float specifier changed to `!ht'.


Underfull \vbox (badness 3977) has occurred while \output is active []

 [3 <F:/AngryBirds/AngryBirdsServer/AngryBirdsClient/ObjectTracking/figure/Bird
Impact.png (PNG copy)> <F:/AngryBirds/AngryBirdsServer/AngryBirdsClient/ObjectT
racking/figure/QudrantsEstimation.png (PNG copy)> <F:/AngryBirds/AngryBirdsServ
er/AngryBirdsClient/ObjectTracking/figure/SCOScenario.png>]
LaTeX Font Info:    Try loading font information for OMS+ptm on input line 146.


("C:\Program Files\MiKTeX 2.9\tex\latex\psnfss\omsptm.fd"
File: omsptm.fd 
)
LaTeX Font Info:    Font shape `OMS/ptm/m/n' in size <10> not available
(Font)              Font shape `OMS/cmsy/m/n' tried instead on input line 146.

<./figure/Templates.png, id=25, 846.91406pt x 464.4853pt>
File: ./figure/Templates.png Graphic file (type png)

<use ./figure/Templates.png>
Package pdftex.def Info: ./figure/Templates.png used on input line 152.
(pdftex.def)             Requested size: 237.13432pt x 130.055pt.


LaTeX Warning: `!h' float specifier changed to `!ht'.

<./figure/Fragmentation.png, id=26, 210.7875pt x 268.00125pt>
File: ./figure/Fragmentation.png Graphic file (type png)

<use ./figure/Fragmentation.png>
Package pdftex.def Info: ./figure/Fragmentation.png used on input line 157.
(pdftex.def)             Requested size: 147.55025pt x 187.59958pt.


LaTeX Warning: `!h' float specifier changed to `!ht'.

LaTeX Font Info:    Font shape `OT1/ptm/bx/n' in size <10.95> not available
(Font)              Font shape `OT1/ptm/b/n' tried instead on input line 163.
[4 <F:/AngryBirds/AngryBirdsServer/AngryBirdsClient/ObjectTracking/figure/SCOSc
enario_2.png (PNG copy)> <F:/AngryBirds/AngryBirdsServer/AngryBirdsClient/Objec
tTracking/figure/Templates.png> <F:/AngryBirds/AngryBirdsServer/AngryBirdsClien
t/ObjectTracking/figure/Fragmentation.png>]
<./figure/OMBRs.png, id=30, 701.62125pt x 220.825pt>
File: ./figure/OMBRs.png Graphic file (type png)
 <use ./figure/OMBRs.png>
Package pdftex.def Info: ./figure/OMBRs.png used on input line 181.
(pdftex.def)             Requested size: 210.48799pt x 66.248pt.

Underfull \hbox (badness 1742) in paragraph at lines 189--190
\OT1/ptm/m/n/10 num-ber of mis-matches, and the per-cent-age of cor-rect
 []

<./figure/TrackingBackup.png, id=31, 763.35187pt x 252.945pt>
File: ./figure/TrackingBackup.png Graphic file (type png)

<use ./figure/TrackingBackup.png>
Package pdftex.def Info: ./figure/TrackingBackup.png used on input line 206.
(pdftex.def)             Requested size: 244.27759pt x 80.94405pt.

Overfull \hbox (4.88321pt too wide) in paragraph at lines 206--206
 [][] 
 []


LaTeX Warning: Citation `AngryBirdsLevels' on page 5 undefined on input line 21
0.


Overfull \hbox (4.20386pt too wide) in paragraph at lines 247--258
 [][] 
 []


LaTeX Warning: No positions in optional float specifier.
               Default added (so using `!htbp') on input line 264.


Underfull \hbox (badness 6380) in paragraph at lines 281--282
[] \OT1/ptm/m/n/10 match($\OML/cmm/m/it/10 iniobj$\OT1/ptm/m/n/10 , $\OML/cmm/m
/it/10 obj$\OT1/ptm/m/n/10 ), add $\OML/cmm/m/it/10 iniobj[]$ \OT1/ptm/m/n/10 t
o
 []


LaTeX Warning: Reference `' on page 5 undefined on input line 308.


LaTeX Warning: Reference `' on page 5 undefined on input line 320.


LaTeX Warning: Float too large for page by 72.2042pt on input line 324.

[5 <F:/AngryBirds/AngryBirdsServer/AngryBirdsClient/ObjectTracking/figure/OMBRs
.png (PNG copy)> <F:/AngryBirds/AngryBirdsServer/AngryBirdsClient/ObjectTrackin
g/figure/TrackingBackup.png>] [6]
(F:\AngryBirds\AngryBirdsServer\AngryBirdsClient\ObjectTracking\ObjectTracking.
aux)

LaTeX Warning: There were undefined references.

 ) 
Here is how much of TeX's memory you used:
 1928 strings out of 494045
 27377 string characters out of 3148390
 96706 words of memory out of 3000000
 5217 multiletter control sequences out of 15000+200000
 14426 words of font info for 28 fonts, out of 3000000 for 9000
 715 hyphenation exceptions out of 8191
 27i,9n,19p,967b,276s stack positions out of 5000i,500n,10000p,200000b,50000s
{C:/Program Files/MiKTeX 2.9/fonts/enc/dvips/fontname/8r.enc}<C:/Program File
s/MiKTeX 2.9/fonts/type1/public/amsfonts/cm/cmmi10.pfb><C:/Program Files/MiKTeX
 2.9/fonts/type1/public/amsfonts/cm/cmmi7.pfb><C:/Program Files/MiKTeX 2.9/font
s/type1/public/amsfonts/cm/cmr10.pfb><C:/Program Files/MiKTeX 2.9/fonts/type1/p
ublic/amsfonts/cm/cmr7.pfb><C:/Program Files/MiKTeX 2.9/fonts/type1/public/amsf
onts/cm/cmsy10.pfb><C:/Program Files/MiKTeX 2.9/fonts/type1/public/amsfonts/cm/
cmsy7.pfb><C:/Program Files/MiKTeX 2.9/fonts/type1/urw/times/utmb8a.pfb><C:/Pro
gram Files/MiKTeX 2.9/fonts/type1/urw/times/utmr8a.pfb>
Output written on ObjectTracking.pdf (6 pages, 753986 bytes).
PDF statistics:
 64 PDF objects out of 1000 (max. 8388607)
 0 named destinations out of 1000 (max. 500000)
 51 words of extra memory for PDF output out of 10000 (max. 10000000)

